# JRE version: Java(TM) SE Runtime Environment (21.0.5+9) (build 21.0.5+9-LTS-239)
# Java VM: Java HotSpot(TM) 64-Bit Server VM (21.0.5+9-LTS-239, mixed mode, sharing, tiered, compressed oops, compressed class ptrs, g1 gc, windows-amd64)
GC Precious Log:
 CardTable entry size: 512
 Card Set container configuration: InlinePtr #cards 5 size 8 Array Of Cards #cards 12 size 40 Howl #buckets 4 coarsen threshold 1843 Howl Bitmap #cards 512 size 80 coarsen threshold 460 Card regions per heap region 1 cards per card region 2048
 CPUs: 4 total, 4 available
 Memory: 3933M
 Large Page Support: Disabled
 NUMA Support: Disabled
 Compressed Oops: Enabled (32-bit)
 Heap Region Size: 1M
 Heap Min Capacity: 8M
 Heap Initial Capacity: 62M
 Heap Max Capacity: 984M
 Pre-touch: Disabled
 Parallel Workers: 4
 Concurrent Workers: 1
 Concurrent Refinement Workers: 4
 Periodic GC: Disabled
Heap:
 garbage-first heap   total 55296K, used 31962K [0x00000000c2800000, 0x0000000100000000)
  region size 1024K, 13 young (13312K), 3 survivors (3072K)
 Metaspace       used 44415K, committed 44992K, reserved 1114112K
  class space    used 5718K, committed 6016K, reserved 1048576K
GC Heap History (18 events):
Event: 0.806 GC heap before
{Heap before GC invocations=0 (full 0):
 garbage-first heap   total 63488K, used 14336K [0x00000000c2800000, 0x0000000100000000)
  region size 1024K, 13 young (13312K), 0 survivors (0K)
 Metaspace       used 3516K, committed 3712K, reserved 1114112K
  class space    used 350K, committed 448K, reserved 1048576K
}
Event: 0.812 GC heap after
{Heap after GC invocations=1 (full 0):
 garbage-first heap   total 63488K, used 7003K [0x00000000c2800000, 0x0000000100000000)
  region size 1024K, 2 young (2048K), 2 survivors (2048K)
 Metaspace       used 3516K, committed 3712K, reserved 1114112K
  class space    used 350K, committed 448K, reserved 1048576K
}
Event: 1.398 GC heap before
{Heap before GC invocations=1 (full 0):
 garbage-first heap   total 63488K, used 19291K [0x00000000c2800000, 0x0000000100000000)
  region size 1024K, 15 young (15360K), 2 survivors (2048K)
 Metaspace       used 7064K, committed 7360K, reserved 1114112K
  class space    used 797K, committed 960K, reserved 1048576K
}
Event: 1.402 GC heap after
{Heap after GC invocations=2 (full 0):
 garbage-first heap   total 63488K, used 8042K [0x00000000c2800000, 0x0000000100000000)
  region size 1024K, 1 young (1024K), 1 survivors (1024K)
 Metaspace       used 7064K, committed 7360K, reserved 1114112K
  class space    used 797K, committed 960K, reserved 1048576K
}
Event: 2.438 GC heap before
{Heap before GC invocations=2 (full 0):
 garbage-first heap   total 63488K, used 35690K [0x00000000c2800000, 0x0000000100000000)
  region size 1024K, 29 young (29696K), 1 survivors (1024K)
 Metaspace       used 14684K, committed 14976K, reserved 1114112K
  class space    used 1733K, committed 1856K, reserved 1048576K
}
Event: 2.446 GC heap after
{Heap after GC invocations=3 (full 0):
 garbage-first heap   total 63488K, used 10627K [0x00000000c2800000, 0x0000000100000000)
  region size 1024K, 4 young (4096K), 4 survivors (4096K)
 Metaspace       used 14684K, committed 14976K, reserved 1114112K
  class space    used 1733K, committed 1856K, reserved 1048576K
}
Event: 3.799 GC heap before
{Heap before GC invocations=3 (full 0):
 garbage-first heap   total 63488K, used 43395K [0x00000000c2800000, 0x0000000100000000)
  region size 1024K, 37 young (37888K), 4 survivors (4096K)
 Metaspace       used 19926K, committed 20288K, reserved 1114112K
  class space    used 2370K, committed 2560K, reserved 1048576K
}
Event: 3.808 GC heap after
{Heap after GC invocations=4 (full 0):
 garbage-first heap   total 63488K, used 13924K [0x00000000c2800000, 0x0000000100000000)
  region size 1024K, 5 young (5120K), 5 survivors (5120K)
 Metaspace       used 19926K, committed 20288K, reserved 1114112K
  class space    used 2370K, committed 2560K, reserved 1048576K
}
Event: 4.263 GC heap before
{Heap before GC invocations=4 (full 0):
 garbage-first heap   total 63488K, used 21092K [0x00000000c2800000, 0x0000000100000000)
  region size 1024K, 13 young (13312K), 5 survivors (5120K)
 Metaspace       used 21171K, committed 21504K, reserved 1114112K
  class space    used 2513K, committed 2688K, reserved 1048576K
}
Event: 4.272 GC heap after
{Heap after GC invocations=5 (full 0):
 garbage-first heap   total 63488K, used 15194K [0x00000000c2800000, 0x0000000100000000)
  region size 1024K, 1 young (1024K), 1 survivors (1024K)
 Metaspace       used 21171K, committed 21504K, reserved 1114112K
  class space    used 2513K, committed 2688K, reserved 1048576K
}
Event: 5.687 GC heap before
{Heap before GC invocations=6 (full 0):
 garbage-first heap   total 55296K, used 46938K [0x00000000c2800000, 0x0000000100000000)
  region size 1024K, 32 young (32768K), 1 survivors (1024K)
 Metaspace       used 26473K, committed 27008K, reserved 1114112K
  class space    used 3310K, committed 3584K, reserved 1048576K
}
Event: 5.693 GC heap after
{Heap after GC invocations=7 (full 0):
 garbage-first heap   total 55296K, used 18060K [0x00000000c2800000, 0x0000000100000000)
  region size 1024K, 4 young (4096K), 4 survivors (4096K)
 Metaspace       used 26473K, committed 27008K, reserved 1114112K
  class space    used 3310K, committed 3584K, reserved 1048576K
}
Event: 7.220 GC heap before
{Heap before GC invocations=7 (full 0):
 garbage-first heap   total 55296K, used 44684K [0x00000000c2800000, 0x0000000100000000)
  region size 1024K, 30 young (30720K), 4 survivors (4096K)
 Metaspace       used 32402K, committed 32896K, reserved 1114112K
  class space    used 4016K, committed 4224K, reserved 1048576K
}
Event: 7.230 GC heap after
{Heap after GC invocations=8 (full 0):
 garbage-first heap   total 55296K, used 20185K [0x00000000c2800000, 0x0000000100000000)
  region size 1024K, 3 young (3072K), 3 survivors (3072K)
 Metaspace       used 32402K, committed 32896K, reserved 1114112K
  class space    used 4016K, committed 4224K, reserved 1048576K
}
Event: 7.967 GC heap before
{Heap before GC invocations=8 (full 0):
 garbage-first heap   total 55296K, used 30425K [0x00000000c2800000, 0x0000000100000000)
  region size 1024K, 14 young (14336K), 3 survivors (3072K)
 Metaspace       used 35445K, committed 35968K, reserved 1114112K
  class space    used 4386K, committed 4608K, reserved 1048576K
}
Event: 7.974 GC heap after
{Heap after GC invocations=9 (full 0):
 garbage-first heap   total 55296K, used 20901K [0x00000000c2800000, 0x0000000100000000)
  region size 1024K, 3 young (3072K), 3 survivors (3072K)
 Metaspace       used 35445K, committed 35968K, reserved 1114112K
  class space    used 4386K, committed 4608K, reserved 1048576K
}
Event: 9.566 GC heap before
{Heap before GC invocations=10 (full 0):
 garbage-first heap   total 55296K, used 46501K [0x00000000c2800000, 0x0000000100000000)
  region size 1024K, 28 young (28672K), 3 survivors (3072K)
 Metaspace       used 42097K, committed 42688K, reserved 1114112K
  class space    used 5433K, committed 5696K, reserved 1048576K
}
Event: 9.575 GC heap after
{Heap after GC invocations=11 (full 0):
 garbage-first heap   total 55296K, used 22746K [0x00000000c2800000, 0x0000000100000000)
  region size 1024K, 3 young (3072K), 3 survivors (3072K)
 Metaspace       used 42097K, committed 42688K, reserved 1114112K
  class space    used 5433K, committed 5696K, reserved 1048576K
}

